[2017-12-08 08:48:51] local.ERROR: Command "app:devCode" is not defined.

Did you mean this?
    app:name {"exception":"[object] (Symfony\\Component\\Console\\Exception\\CommandNotFoundException(code: 0): Command \"app:devCode\" is not defined.

Did you mean this?
    app:name at /Users/albertoricogarcia/Documents/workspace/laravel/vendor/symfony/console/Application.php:609)
[stacktrace]
#0 /Users/albertoricogarcia/Documents/workspace/laravel/vendor/symfony/console/Application.php(221): Symfony\\Component\\Console\\Application->find('app:devCode')
#1 /Users/albertoricogarcia/Documents/workspace/laravel/vendor/symfony/console/Application.php(148): Symfony\\Component\\Console\\Application->doRun(Object(Symfony\\Component\\Console\\Input\\ArgvInput), Object(Symfony\\Component\\Console\\Output\\ConsoleOutput))
#2 /Users/albertoricogarcia/Documents/workspace/laravel/vendor/laravel/framework/src/Illuminate/Console/Application.php(88): Symfony\\Component\\Console\\Application->run(Object(Symfony\\Component\\Console\\Input\\ArgvInput), Object(Symfony\\Component\\Console\\Output\\ConsoleOutput))
#3 /Users/albertoricogarcia/Documents/workspace/laravel/vendor/laravel/framework/src/Illuminate/Foundation/Console/Kernel.php(121): Illuminate\\Console\\Application->run(Object(Symfony\\Component\\Console\\Input\\ArgvInput), Object(Symfony\\Component\\Console\\Output\\ConsoleOutput))
#4 /Users/albertoricogarcia/Documents/workspace/laravel/artisan(37): Illuminate\\Foundation\\Console\\Kernel->handle(Object(Symfony\\Component\\Console\\Input\\ArgvInput), Object(Symfony\\Component\\Console\\Output\\ConsoleOutput))
#5 {main}
"} 
[2017-12-08 08:48:58] local.ERROR: Not enough arguments (missing: "name"). {"exception":"[object] (Symfony\\Component\\Console\\Exception\\RuntimeException(code: 0): Not enough arguments (missing: \"name\"). at /Users/albertoricogarcia/Documents/workspace/laravel/vendor/symfony/console/Input/Input.php:76)
[stacktrace]
#0 /Users/albertoricogarcia/Documents/workspace/laravel/vendor/symfony/console/Command/Command.php(247): Symfony\\Component\\Console\\Input\\Input->validate()
#1 /Users/albertoricogarcia/Documents/workspace/laravel/vendor/laravel/framework/src/Illuminate/Console/Command.php(167): Symfony\\Component\\Console\\Command\\Command->run(Object(Symfony\\Component\\Console\\Input\\ArgvInput), Object(Illuminate\\Console\\OutputStyle))
#2 /Users/albertoricogarcia/Documents/workspace/laravel/vendor/symfony/console/Application.php(936): Illuminate\\Console\\Command->run(Object(Symfony\\Component\\Console\\Input\\ArgvInput), Object(Symfony\\Component\\Console\\Output\\ConsoleOutput))
#3 /Users/albertoricogarcia/Documents/workspace/laravel/vendor/symfony/console/Application.php(240): Symfony\\Component\\Console\\Application->doRunCommand(Object(Illuminate\\Foundation\\Console\\AppNameCommand), Object(Symfony\\Component\\Console\\Input\\ArgvInput), Object(Symfony\\Component\\Console\\Output\\ConsoleOutput))
#4 /Users/albertoricogarcia/Documents/workspace/laravel/vendor/symfony/console/Application.php(148): Symfony\\Component\\Console\\Application->doRun(Object(Symfony\\Component\\Console\\Input\\ArgvInput), Object(Symfony\\Component\\Console\\Output\\ConsoleOutput))
#5 /Users/albertoricogarcia/Documents/workspace/laravel/vendor/laravel/framework/src/Illuminate/Console/Application.php(88): Symfony\\Component\\Console\\Application->run(Object(Symfony\\Component\\Console\\Input\\ArgvInput), Object(Symfony\\Component\\Console\\Output\\ConsoleOutput))
#6 /Users/albertoricogarcia/Documents/workspace/laravel/vendor/laravel/framework/src/Illuminate/Foundation/Console/Kernel.php(121): Illuminate\\Console\\Application->run(Object(Symfony\\Component\\Console\\Input\\ArgvInput), Object(Symfony\\Component\\Console\\Output\\ConsoleOutput))
#7 /Users/albertoricogarcia/Documents/workspace/laravel/artisan(37): Illuminate\\Foundation\\Console\\Kernel->handle(Object(Symfony\\Component\\Console\\Input\\ArgvInput), Object(Symfony\\Component\\Console\\Output\\ConsoleOutput))
#8 {main}
"} 
[2017-12-08 09:22:56] local.ERROR: The /Library/WebServer/Documents/devCode/bootstrap/cache directory must be present and writable. {"exception":"[object] (Exception(code: 0): The /Library/WebServer/Documents/devCode/bootstrap/cache directory must be present and writable. at /Library/WebServer/Documents/devCode/vendor/laravel/framework/src/Illuminate/Foundation/PackageManifest.php:165)
[stacktrace]
#0 /Library/WebServer/Documents/devCode/vendor/laravel/framework/src/Illuminate/Foundation/PackageManifest.php(125): Illuminate\\Foundation\\PackageManifest->write(Array)
#1 /Library/WebServer/Documents/devCode/vendor/laravel/framework/src/Illuminate/Foundation/PackageManifest.php(97): Illuminate\\Foundation\\PackageManifest->build()
#2 /Library/WebServer/Documents/devCode/vendor/laravel/framework/src/Illuminate/Foundation/PackageManifest.php(80): Illuminate\\Foundation\\PackageManifest->getManifest()
#3 /Library/WebServer/Documents/devCode/vendor/laravel/framework/src/Illuminate/Foundation/Bootstrap/RegisterFacades.php(26): Illuminate\\Foundation\\PackageManifest->aliases()
#4 /Library/WebServer/Documents/devCode/vendor/laravel/framework/src/Illuminate/Foundation/Application.php(213): Illuminate\\Foundation\\Bootstrap\\RegisterFacades->bootstrap(Object(Illuminate\\Foundation\\Application))
#5 /Library/WebServer/Documents/devCode/vendor/laravel/framework/src/Illuminate/Foundation/Http/Kernel.php(162): Illuminate\\Foundation\\Application->bootstrapWith(Array)
#6 /Library/WebServer/Documents/devCode/vendor/laravel/framework/src/Illuminate/Foundation/Http/Kernel.php(146): Illuminate\\Foundation\\Http\\Kernel->bootstrap()
#7 /Library/WebServer/Documents/devCode/vendor/laravel/framework/src/Illuminate/Foundation/Http/Kernel.php(116): Illuminate\\Foundation\\Http\\Kernel->sendRequestThroughRouter(Object(Illuminate\\Http\\Request))
#8 /Library/WebServer/Documents/devCode/public/index.php(55): Illuminate\\Foundation\\Http\\Kernel->handle(Object(Illuminate\\Http\\Request))
#9 {main}
"} 
[2017-12-08 09:23:15] local.ERROR: The /Library/WebServer/Documents/devCode/bootstrap/cache directory must be present and writable. {"exception":"[object] (Exception(code: 0): The /Library/WebServer/Documents/devCode/bootstrap/cache directory must be present and writable. at /Library/WebServer/Documents/devCode/vendor/laravel/framework/src/Illuminate/Foundation/PackageManifest.php:165)
[stacktrace]
#0 /Library/WebServer/Documents/devCode/vendor/laravel/framework/src/Illuminate/Foundation/PackageManifest.php(125): Illuminate\\Foundation\\PackageManifest->write(Array)
#1 /Library/WebServer/Documents/devCode/vendor/laravel/framework/src/Illuminate/Foundation/PackageManifest.php(97): Illuminate\\Foundation\\PackageManifest->build()
#2 /Library/WebServer/Documents/devCode/vendor/laravel/framework/src/Illuminate/Foundation/PackageManifest.php(80): Illuminate\\Foundation\\PackageManifest->getManifest()
#3 /Library/WebServer/Documents/devCode/vendor/laravel/framework/src/Illuminate/Foundation/Bootstrap/RegisterFacades.php(26): Illuminate\\Foundation\\PackageManifest->aliases()
#4 /Library/WebServer/Documents/devCode/vendor/laravel/framework/src/Illuminate/Foundation/Application.php(213): Illuminate\\Foundation\\Bootstrap\\RegisterFacades->bootstrap(Object(Illuminate\\Foundation\\Application))
#5 /Library/WebServer/Documents/devCode/vendor/laravel/framework/src/Illuminate/Foundation/Http/Kernel.php(162): Illuminate\\Foundation\\Application->bootstrapWith(Array)
#6 /Library/WebServer/Documents/devCode/vendor/laravel/framework/src/Illuminate/Foundation/Http/Kernel.php(146): Illuminate\\Foundation\\Http\\Kernel->bootstrap()
#7 /Library/WebServer/Documents/devCode/vendor/laravel/framework/src/Illuminate/Foundation/Http/Kernel.php(116): Illuminate\\Foundation\\Http\\Kernel->sendRequestThroughRouter(Object(Illuminate\\Http\\Request))
#8 /Library/WebServer/Documents/devCode/public/index.php(55): Illuminate\\Foundation\\Http\\Kernel->handle(Object(Illuminate\\Http\\Request))
#9 {main}
"} 
